Log opened 9/11/2022 at 5:29 AM
Detecting engine version...
Improved engine version detected
Detecting Community Pack...
Community Pack not detected
Nerf ArenaBlast Updater version 3.8 booted successfully!
No newer version available
Checking for updates...
Checking for base game updates (https://www.update.nerfarena.net/basegame/)...
No newer updates availible
Update path changed to E:\Atari\Nerf
Detecting engine version...
Standard engine version detected
Detecting Community Pack...
Community Pack version 3.5 detected
Checking for updates...
Checking for base game updates (https://www.update.nerfarena.net/original/basegame/)...
Checking for Community Pack updates (https://www.update.nerfarena.net/original/community/)...
Found 1 update
Update path changed to E:\Atari\Nerf300
Detecting engine version...
Improved engine version detected
Detecting Community Pack...
Community Pack not detected
Checking for updates...
Checking for base game updates (https://www.update.nerfarena.net/basegame/)...
No newer updates availible
Updater shutting down
Log closing 9/11/2022 at 5:29 AM
